<?xml version="1.0" encoding="UTF-8"?>
<testsuite xmlns:xsi="http://www.w3.org/2001/XMLSchema-instance" xsi:noNamespaceSchemaLocation="https://maven.apache.org/surefire/maven-surefire-plugin/xsd/surefire-test-report.xsd" name="com.facebook.AppTest" time="0" tests="1" errors="0" skipped="0" failures="0">
  <properties>
    <property name="sun.desktop" value="gnome"/>
    <property name="awt.toolkit" value="sun.awt.X11.XToolkit"/>
    <property name="file.encoding.pkg" value="sun.io"/>
    <property name="java.specification.version" value="1.8"/>
    <property name="sun.cpu.isalist" value=""/>
    <property name="sun.jnu.encoding" value="UTF-8"/>
    <property name="java.class.path" value="/devops/facebook/target/test-classes:/devops/facebook/target/classes:/root/.m2/repository/junit/junit/4.11/junit-4.11.jar:/root/.m2/repository/org/hamcrest/hamcrest-core/1.3/hamcrest-core-1.3.jar:/root/.m2/repository/org/webjars/bowergithub/jcgueriaud/google-map/2.0.5p/google-map-2.0.5p.jar:/root/.m2/repository/org/webjars/bowergithub/polymer/polymer/2.8.0/polymer-2.8.0.jar:/root/.m2/repository/org/webjars/bowergithub/webcomponents/shadycss/1.9.1/shadycss-1.9.1.jar:/root/.m2/repository/org/webjars/bowergithub/webcomponents/webcomponentsjs/2.0.0-beta.3/webcomponentsjs-2.0.0-beta.3.jar:/root/.m2/repository/org/webjars/bowergithub/googlewebcomponents/google-apis/2.0.2/google-apis-2.0.2.jar:/root/.m2/repository/org/webjars/bowergithub/polymerelements/iron-jsonp-library/2.1.0/iron-jsonp-library-2.1.0.jar:/root/.m2/repository/org/webjars/bowergithub/polymerelements/iron-resizable-behavior/2.1.1/iron-resizable-behavior-2.1.1.jar:/root/.m2/repository/org/webjars/bowergithub/polymerelements/iron-selector/2.1.0/iron-selector-2.1.0.jar:"/>
    <property name="java.vm.vendor" value="Red Hat, Inc."/>
    <property name="sun.arch.data.model" value="64"/>
    <property name="java.vendor.url" value="https://www.redhat.com/"/>
    <property name="user.timezone" value=""/>
    <property name="java.vm.specification.version" value="1.8"/>
    <property name="os.name" value="Linux"/>
    <property name="user.country" value="IN"/>
    <property name="sun.java.launcher" value="SUN_STANDARD"/>
    <property name="sun.boot.library.path" value="/usr/lib/jvm/java-1.8.0-openjdk-1.8.0.312.b07-1.el7_9.x86_64/jre/lib/amd64"/>
    <property name="sun.java.command" value="/devops/facebook/target/surefire/surefirebooter3573715408033691156.jar /devops/facebook/target/surefire 2022-01-22T20-26-55_029-jvmRun1 surefire3563101432832718541tmp surefire_03082521878027134341tmp"/>
    <property name="surefire.test.class.path" value="/devops/facebook/target/test-classes:/devops/facebook/target/classes:/root/.m2/repository/junit/junit/4.11/junit-4.11.jar:/root/.m2/repository/org/hamcrest/hamcrest-core/1.3/hamcrest-core-1.3.jar:/root/.m2/repository/org/webjars/bowergithub/jcgueriaud/google-map/2.0.5p/google-map-2.0.5p.jar:/root/.m2/repository/org/webjars/bowergithub/polymer/polymer/2.8.0/polymer-2.8.0.jar:/root/.m2/repository/org/webjars/bowergithub/webcomponents/shadycss/1.9.1/shadycss-1.9.1.jar:/root/.m2/repository/org/webjars/bowergithub/webcomponents/webcomponentsjs/2.0.0-beta.3/webcomponentsjs-2.0.0-beta.3.jar:/root/.m2/repository/org/webjars/bowergithub/googlewebcomponents/google-apis/2.0.2/google-apis-2.0.2.jar:/root/.m2/repository/org/webjars/bowergithub/polymerelements/iron-jsonp-library/2.1.0/iron-jsonp-library-2.1.0.jar:/root/.m2/repository/org/webjars/bowergithub/polymerelements/iron-resizable-behavior/2.1.1/iron-resizable-behavior-2.1.1.jar:/root/.m2/repository/org/webjars/bowergithub/polymerelements/iron-selector/2.1.0/iron-selector-2.1.0.jar:"/>
    <property name="sun.cpu.endian" value="little"/>
    <property name="user.home" value="/root"/>
    <property name="user.language" value="en"/>
    <property name="java.specification.vendor" value="Oracle Corporation"/>
    <property name="java.home" value="/usr/lib/jvm/java-1.8.0-openjdk-1.8.0.312.b07-1.el7_9.x86_64/jre"/>
    <property name="basedir" value="/devops/facebook"/>
    <property name="file.separator" value="/"/>
    <property name="line.separator" value="&#10;"/>
    <property name="java.vm.specification.vendor" value="Oracle Corporation"/>
    <property name="java.specification.name" value="Java Platform API Specification"/>
    <property name="java.awt.graphicsenv" value="sun.awt.X11GraphicsEnvironment"/>
    <property name="surefire.real.class.path" value="/devops/facebook/target/surefire/surefirebooter3573715408033691156.jar"/>
    <property name="sun.boot.class.path" value="/usr/lib/jvm/java-1.8.0-openjdk-1.8.0.312.b07-1.el7_9.x86_64/jre/lib/resources.jar:/usr/lib/jvm/java-1.8.0-openjdk-1.8.0.312.b07-1.el7_9.x86_64/jre/lib/rt.jar:/usr/lib/jvm/java-1.8.0-openjdk-1.8.0.312.b07-1.el7_9.x86_64/jre/lib/sunrsasign.jar:/usr/lib/jvm/java-1.8.0-openjdk-1.8.0.312.b07-1.el7_9.x86_64/jre/lib/jsse.jar:/usr/lib/jvm/java-1.8.0-openjdk-1.8.0.312.b07-1.el7_9.x86_64/jre/lib/jce.jar:/usr/lib/jvm/java-1.8.0-openjdk-1.8.0.312.b07-1.el7_9.x86_64/jre/lib/charsets.jar:/usr/lib/jvm/java-1.8.0-openjdk-1.8.0.312.b07-1.el7_9.x86_64/jre/lib/jfr.jar:/usr/lib/jvm/java-1.8.0-openjdk-1.8.0.312.b07-1.el7_9.x86_64/jre/classes"/>
    <property name="sun.management.compiler" value="HotSpot 64-Bit Tiered Compilers"/>
    <property name="java.runtime.version" value="1.8.0_312-b07"/>
    <property name="user.name" value="root"/>
    <property name="path.separator" value=":"/>
    <property name="os.version" value="3.10.0-1160.49.1.el7.x86_64"/>
    <property name="java.endorsed.dirs" value="/usr/lib/jvm/java-1.8.0-openjdk-1.8.0.312.b07-1.el7_9.x86_64/jre/lib/endorsed"/>
    <property name="java.runtime.name" value="OpenJDK Runtime Environment"/>
    <property name="file.encoding" value="UTF-8"/>
    <property name="java.vm.name" value="OpenJDK 64-Bit Server VM"/>
    <property name="localRepository" value="/root/.m2/repository"/>
    <property name="java.vendor.url.bug" value="https://bugzilla.redhat.com/enter_bug.cgi?product=Red%20Hat%20Enterprise%20Linux%207&amp;component=java-1.8.0-openjdk"/>
    <property name="java.io.tmpdir" value="/tmp"/>
    <property name="java.version" value="1.8.0_312"/>
    <property name="user.dir" value="/devops/facebook"/>
    <property name="os.arch" value="amd64"/>
    <property name="java.vm.specification.name" value="Java Virtual Machine Specification"/>
    <property name="java.awt.printerjob" value="sun.print.PSPrinterJob"/>
    <property name="sun.os.patch.level" value="unknown"/>
    <property name="java.library.path" value="/usr/java/packages/lib/amd64:/usr/lib64:/lib64:/lib:/usr/lib"/>
    <property name="java.vm.info" value="mixed mode"/>
    <property name="java.vendor" value="Red Hat, Inc."/>
    <property name="java.vm.version" value="25.312-b07"/>
    <property name="java.ext.dirs" value="/usr/lib/jvm/java-1.8.0-openjdk-1.8.0.312.b07-1.el7_9.x86_64/jre/lib/ext:/usr/java/packages/lib/ext"/>
    <property name="sun.io.unicode.encoding" value="UnicodeLittle"/>
    <property name="java.class.version" value="52.0"/>
  </properties>
  <testcase name="shouldAnswerWithTrue" classname="com.facebook.AppTest" time="0"/>
</testsuite>